setting 'ivy.default.settings.dir' to 'jar:file:/home/nouhoum/bin/sbt-launch.jar!/org/apache/ivy/core/settings'
setting 'ivy.basedir' to '/home/nouhoum/dev/workspaces/tutorials/PhoneNumberSearchApp/.'
setting 'ivy.default.conf.dir' to 'jar:file:/home/nouhoum/bin/sbt-launch.jar!/org/apache/ivy/core/settings'
impossible to define new type: class not found: org.apache.ivy.plugins.version.PatternVersionMatcher in [] nor Ivy classloader
impossible to define new type: class not found: org.apache.ivy.plugins.trigger.LogTrigger in [] nor Ivy classloader
impossible to define new type: class not found: org.apache.ivy.plugins.resolver.VsftpResolver in [] nor Ivy classloader
impossible to define new type: class not found: org.apache.ivy.plugins.conflict.RegexpConflictManager in [] nor Ivy classloader
impossible to define new type: class not found: org.apache.ivy.plugins.resolver.SshResolver in [] nor Ivy classloader
impossible to define new type: class not found: org.apache.ivy.plugins.resolver.VfsResolver in [] nor Ivy classloader
impossible to define new type: class not found: org.apache.ivy.plugins.signer.bouncycastle.OpenPGPSignatureGenerator in [] nor Ivy classloader
impossible to define new type: class not found: org.apache.ivy.plugins.resolver.SFTPResolver in [] nor Ivy classloader
impossible to define new type: class not found: org.apache.ivy.plugins.resolver.packager.PackagerResolver in [] nor Ivy classloader
impossible to define new type: class not found: org.apache.ivy.ant.AntCallTrigger in [] nor Ivy classloader
impossible to define new type: class not found: org.apache.ivy.plugins.resolver.IvyRepResolver in [] nor Ivy classloader
impossible to define new type: class not found: org.apache.ivy.ant.AntBuildTrigger in [] nor Ivy classloader
impossible to define glob matcher: org.apache.ivy.plugins.matcher.GlobPatternMatcher was not found.
setting 'java.runtime.name' to 'Java(TM) SE Runtime Environment'
setting 'sun.boot.library.path' to '/usr/lib/jvm/java-6-sun-1.6.0.24/jre/lib/amd64'
setting 'java.vm.version' to '19.1-b02'
setting 'java.vm.vendor' to 'Sun Microsystems Inc.'
setting 'java.vendor.url' to 'http://java.sun.com/'
setting 'path.separator' to ':'
setting 'java.vm.name' to 'Java HotSpot(TM) 64-Bit Server VM'
setting 'file.encoding.pkg' to 'sun.io'
setting 'sun.java.launcher' to 'SUN_STANDARD'
setting 'user.country' to 'FR'
setting 'sun.os.patch.level' to 'unknown'
setting 'java.vm.specification.name' to 'Java Virtual Machine Specification'
setting 'user.dir' to '/home/nouhoum/dev/workspaces/tutorials/PhoneNumberSearchApp'
setting 'java.runtime.version' to '1.6.0_24-b07'
setting 'java.awt.graphicsenv' to 'sun.awt.X11GraphicsEnvironment'
setting 'java.endorsed.dirs' to '/usr/lib/jvm/java-6-sun-1.6.0.24/jre/lib/endorsed'
setting 'os.arch' to 'amd64'
setting 'java.io.tmpdir' to '/tmp'
setting 'line.separator' to '
'
setting 'java.vm.specification.vendor' to 'Sun Microsystems Inc.'
setting 'os.name' to 'Linux'
setting 'sun.jnu.encoding' to 'UTF-8'
setting 'java.library.path' to '/usr/lib/jvm/java-6-sun-1.6.0.24/jre/lib/amd64/server:/usr/lib/jvm/java-6-sun-1.6.0.24/jre/lib/amd64:/usr/lib/jvm/java-6-sun-1.6.0.24/jre/../lib/amd64:/usr/java/packages/lib/amd64:/usr/lib64:/lib64:/lib:/usr/lib'
setting 'java.specification.name' to 'Java Platform API Specification'
setting 'java.class.version' to '50.0'
setting 'sun.management.compiler' to 'HotSpot 64-Bit Server Compiler'
setting 'os.version' to '2.6.38-8-generic'
setting 'user.home' to '/home/nouhoum'
setting 'user.timezone' to 'Europe/Paris'
setting 'java.awt.printerjob' to 'sun.print.PSPrinterJob'
setting 'file.encoding' to 'UTF-8'
setting 'java.specification.version' to '1.6'
setting 'java.class.path' to '/home/nouhoum/bin/sbt-launch.jar'
setting 'user.name' to 'nouhoum'
setting 'java.vm.specification.version' to '1.0'
setting 'java.home' to '/usr/lib/jvm/java-6-sun-1.6.0.24/jre'
setting 'sun.arch.data.model' to '64'
setting 'user.language' to 'fr'
setting 'java.specification.vendor' to 'Sun Microsystems Inc.'
setting 'java.vm.info' to 'mixed mode'
setting 'java.version' to '1.6.0_24'
setting 'java.ext.dirs' to '/usr/lib/jvm/java-6-sun-1.6.0.24/jre/lib/ext:/usr/java/packages/lib/ext'
setting 'sun.boot.class.path' to '/usr/lib/jvm/java-6-sun-1.6.0.24/jre/lib/resources.jar:/usr/lib/jvm/java-6-sun-1.6.0.24/jre/lib/rt.jar:/usr/lib/jvm/java-6-sun-1.6.0.24/jre/lib/sunrsasign.jar:/usr/lib/jvm/java-6-sun-1.6.0.24/jre/lib/jsse.jar:/usr/lib/jvm/java-6-sun-1.6.0.24/jre/lib/jce.jar:/usr/lib/jvm/java-6-sun-1.6.0.24/jre/lib/charsets.jar:/usr/lib/jvm/java-6-sun-1.6.0.24/jre/lib/modules/jdk.boot.jar:/usr/lib/jvm/java-6-sun-1.6.0.24/jre/classes'
setting 'java.vendor' to 'Sun Microsystems Inc.'
setting 'file.separator' to '/'
setting 'java.vendor.url.bug' to 'http://java.sun.com/cgi-bin/bugreport.cgi'
setting 'sun.io.unicode.encoding' to 'UnicodeLittle'
setting 'sun.cpu.endian' to 'little'
setting 'sun.desktop' to 'gnome'
setting 'sun.cpu.isalist' to ''
setting 'ivy.default.ivy.user.dir' to '/home/nouhoum/.ivy2'
setting 'ivy.home' to '/home/nouhoum/.ivy2'
no default ivy user dir defined: set to /home/nouhoum/.ivy2
setting 'ivy.cache.dir' to '/home/nouhoum/.ivy2/cache'
no default cache defined: set to /home/nouhoum/.ivy2/cache
setting 'ivy.basedir' to '/home/nouhoum/dev/workspaces/tutorials/PhoneNumberSearchApp/project/boot'
setting 'basedir' to '/home/nouhoum/dev/workspaces/tutorials/PhoneNumberSearchApp/project/boot'
setting 'scala' to '2.9.0'
:: resolving dependencies :: org.scala-tools.sbt#boot-scala;1.0
	confs: [default]
	validate = true
	refresh = false
resolving dependencies for configuration 'default'
== resolving dependencies for org.scala-tools.sbt#boot-scala;1.0 [default]
loadData of org.scala-tools.sbt#boot-scala;1.0 of rootConf=default
== resolving dependencies org.scala-tools.sbt#boot-scala;1.0->org.scala-lang#scala-compiler;2.9.0 [default->default]
loadData of org.scala-lang#scala-compiler;2.9.0 of rootConf=default
	using redefined-public to resolve org.scala-lang#scala-compiler;2.9.0
redefined-public: Checking cache for: dependency: org.scala-lang#scala-compiler;2.9.0 {default=[default, optional(default)]}
redefined-public: no namespace defined: using system
No entry is found in the ModuleDescriptorCache : /home/nouhoum/.ivy2/cache/org.scala-lang/scala-compiler/ivy-2.9.0.xml
post 1.3 ivy file: using exact as default matcher
	found ivy file in cache for org.scala-lang#scala-compiler;2.9.0 (resolved by Maven Central): /home/nouhoum/.ivy2/cache/org.scala-lang/scala-compiler/ivy-2.9.0.xml
redefined-public: module revision found in cache: org.scala-lang#scala-compiler;2.9.0
redefined-public: no latest strategy defined: using default
	found org.scala-lang#scala-compiler;2.9.0 in Maven Central
== resolving dependencies org.scala-tools.sbt#boot-scala;1.0->org.scala-lang#scala-compiler;2.9.0 [default->runtime]
loadData of org.scala-lang#scala-compiler;2.9.0 of rootConf=default
== resolving dependencies org.scala-tools.sbt#boot-scala;1.0->org.scala-lang#scala-compiler;2.9.0 [default->compile]
loadData of org.scala-lang#scala-compiler;2.9.0 of rootConf=default
== resolving dependencies org.scala-lang#scala-compiler;2.9.0->org.scala-lang#scala-library;2.9.0 [compile->master(*)]
loadData of org.scala-lang#scala-library;2.9.0 of rootConf=default
	using redefined-public to resolve org.scala-lang#scala-library;2.9.0
redefined-public: Checking cache for: dependency: org.scala-lang#scala-library;2.9.0 {compile=[compile(*), master(*)], runtime=[runtime(*)]}
No entry is found in the ModuleDescriptorCache : /home/nouhoum/.ivy2/cache/org.scala-lang/scala-library/ivy-2.9.0.xml
post 1.3 ivy file: using exact as default matcher
	found ivy file in cache for org.scala-lang#scala-library;2.9.0 (resolved by Maven Central): /home/nouhoum/.ivy2/cache/org.scala-lang/scala-library/ivy-2.9.0.xml
redefined-public: module revision found in cache: org.scala-lang#scala-library;2.9.0
	found org.scala-lang#scala-library;2.9.0 in Maven Central
== resolving dependencies org.scala-lang#scala-compiler;2.9.0->org.scala-lang#scala-library;2.9.0 [compile->compile(*)]
loadData of org.scala-lang#scala-library;2.9.0 of rootConf=default
== resolving dependencies org.scala-lang#scala-compiler;2.9.0->org.scala-lang#scala-library;2.9.0 [compile->default]
loadData of org.scala-lang#scala-library;2.9.0 of rootConf=default
== resolving dependencies org.scala-lang#scala-compiler;2.9.0->org.scala-lang#scala-library;2.9.0 [compile->runtime]
loadData of org.scala-lang#scala-library;2.9.0 of rootConf=default
== resolving dependencies org.scala-lang#scala-compiler;2.9.0->org.scala-lang#scala-library;2.9.0 [compile->compile]
loadData of org.scala-lang#scala-library;2.9.0 of rootConf=default
== resolving dependencies org.scala-lang#scala-compiler;2.9.0->org.scala-lang#scala-library;2.9.0 [compile->master]
loadData of org.scala-lang#scala-library;2.9.0 of rootConf=default
== resolving dependencies org.scala-lang#scala-compiler;2.9.0->org.scala-lang#scala-library;2.9.0 [runtime->runtime(*)]
loadData of org.scala-lang#scala-library;2.9.0 of rootConf=default
== resolving dependencies org.scala-lang#scala-compiler;2.9.0->org.scala-lang#scala-library;2.9.0 [runtime->compile]
loadData of org.scala-lang#scala-library;2.9.0 of rootConf=default
default is loaded and no conf to load.  Skip loading
== resolving dependencies org.scala-tools.sbt#boot-scala;1.0->org.scala-lang#scala-compiler;2.9.0 [default->master]
loadData of org.scala-lang#scala-compiler;2.9.0 of rootConf=default
== resolving dependencies org.scala-tools.sbt#boot-scala;1.0->org.scala-lang#scala-compiler;2.9.0 [default->optional(default)]
loadData of org.scala-lang#scala-compiler;2.9.0 of rootConf=default
== resolving dependencies org.scala-lang#scala-compiler;2.9.0->org.scala-lang#jline;2.9.0 [optional->master(*)]
loadData of org.scala-lang#jline;2.9.0 of rootConf=default
	using redefined-public to resolve org.scala-lang#jline;2.9.0
redefined-public: Checking cache for: dependency: org.scala-lang#jline;2.9.0 {optional=[compile(*), master(*)]}
No entry is found in the ModuleDescriptorCache : /home/nouhoum/.ivy2/cache/org.scala-lang/jline/ivy-2.9.0.xml
post 1.3 ivy file: using exact as default matcher
	found ivy file in cache for org.scala-lang#jline;2.9.0 (resolved by Maven Central): /home/nouhoum/.ivy2/cache/org.scala-lang/jline/ivy-2.9.0.xml
redefined-public: module revision found in cache: org.scala-lang#jline;2.9.0
	found org.scala-lang#jline;2.9.0 in Maven Central
== resolving dependencies org.scala-lang#scala-compiler;2.9.0->org.scala-lang#jline;2.9.0 [optional->compile(*)]
loadData of org.scala-lang#jline;2.9.0 of rootConf=default
== resolving dependencies org.scala-lang#jline;2.9.0->org.fusesource.jansi#jansi;1.4 [compile->master(*)]
loadData of org.fusesource.jansi#jansi;1.4 of rootConf=default
	using redefined-public to resolve org.fusesource.jansi#jansi;1.4
redefined-public: Checking cache for: dependency: org.fusesource.jansi#jansi;1.4 {compile=[compile(*), master(*)], runtime=[runtime(*)]}
No entry is found in the ModuleDescriptorCache : /home/nouhoum/.ivy2/cache/org.fusesource.jansi/jansi/ivy-1.4.xml
post 1.3 ivy file: using exact as default matcher
	found ivy file in cache for org.fusesource.jansi#jansi;1.4 (resolved by Maven Central): /home/nouhoum/.ivy2/cache/org.fusesource.jansi/jansi/ivy-1.4.xml
redefined-public: module revision found in cache: org.fusesource.jansi#jansi;1.4
	found org.fusesource.jansi#jansi;1.4 in Maven Central
== resolving dependencies org.scala-lang#jline;2.9.0->org.fusesource.jansi#jansi;1.4 [compile->compile(*)]
loadData of org.fusesource.jansi#jansi;1.4 of rootConf=default
== resolving dependencies org.scala-tools.sbt#boot-scala;1.0->org.scala-lang#scala-library;2.9.0 [default->default]
loadData of org.scala-lang#scala-library;2.9.0 of rootConf=default
default is loaded and no conf to load.  Skip loading
== resolving dependencies org.scala-tools.sbt#boot-scala;1.0->org.scala-lang#scala-library;2.9.0 [default->runtime]
loadData of org.scala-lang#scala-library;2.9.0 of rootConf=default
default is loaded and no conf to load.  Skip loading
== resolving dependencies org.scala-tools.sbt#boot-scala;1.0->org.scala-lang#scala-library;2.9.0 [default->compile]
loadData of org.scala-lang#scala-library;2.9.0 of rootConf=default
default is loaded and no conf to load.  Skip loading
== resolving dependencies org.scala-tools.sbt#boot-scala;1.0->org.scala-lang#scala-library;2.9.0 [default->master]
loadData of org.scala-lang#scala-library;2.9.0 of rootConf=default
default is loaded and no conf to load.  Skip loading
Nbr of module to sort : 4
Sort dependencies of : org.scala-lang#scala-compiler;2.9.0 / Number of dependencies = 2
Sort dependencies of : org.scala-lang#scala-library;2.9.0 / Number of dependencies = 0
Sort done for : org.scala-lang#scala-library;2.9.0
Sort dependencies of : org.scala-lang#jline;2.9.0 / Number of dependencies = 1
Sort dependencies of : org.fusesource.jansi#jansi;1.4 / Number of dependencies = 1
Sort done for : org.fusesource.jansi#jansi;1.4
Sort done for : org.scala-lang#jline;2.9.0
Sort done for : org.scala-lang#scala-compiler;2.9.0
Module descriptor is processed : org.scala-lang#scala-library;2.9.0
Module descriptor is processed : org.scala-lang#jline;2.9.0
Module descriptor is processed : org.fusesource.jansi#jansi;1.4
	resolved ivy file produced in /home/nouhoum/.ivy2/cache/resolved-org.scala-tools.sbt-boot-scala-1.0.xml
:: downloading artifacts ::
	[NOT REQUIRED] org.scala-lang#scala-compiler;2.9.0!scala-compiler.jar
	[NOT REQUIRED] org.scala-lang#scala-library;2.9.0!scala-library.jar
	[NOT REQUIRED] org.scala-lang#jline;2.9.0!jline.jar
	[NOT REQUIRED] org.fusesource.jansi#jansi;1.4!jansi.jar
:: resolution report :: resolve 215ms :: artifacts dl 43ms
Nbr of module to sort : 4
Sort dependencies of : org.scala-lang#scala-compiler;2.9.0 / Number of dependencies = 2
Sort dependencies of : org.scala-lang#scala-library;2.9.0 / Number of dependencies = 0
Sort done for : org.scala-lang#scala-library;2.9.0
Sort dependencies of : org.scala-lang#jline;2.9.0 / Number of dependencies = 1
Sort dependencies of : org.fusesource.jansi#jansi;1.4 / Number of dependencies = 1
Sort done for : org.fusesource.jansi#jansi;1.4
Sort done for : org.scala-lang#jline;2.9.0
Sort done for : org.scala-lang#scala-compiler;2.9.0
Module descriptor is processed : org.scala-lang#scala-library;2.9.0
Module descriptor is processed : org.scala-lang#jline;2.9.0
Module descriptor is processed : org.fusesource.jansi#jansi;1.4
	report for org.scala-tools.sbt#boot-scala;1.0 default produced in /home/nouhoum/.ivy2/cache/org.scala-tools.sbt-boot-scala-default.xml
	resolve done (215ms resolve - 43ms download)
:: retrieving :: org.scala-tools.sbt#boot-scala
	checkUpToDate=true
no explicit confs given for retrieve, using ivy file: /home/nouhoum/.ivy2/cache/resolved-org.scala-tools.sbt-boot-scala-1.0.xml
using ivy parser to parse /home/nouhoum/.ivy2/cache/resolved-org.scala-tools.sbt-boot-scala-1.0.xml
post 1.3 ivy file: using exact as default matcher
	confs: [default]
	retrieving /home/nouhoum/.ivy2/cache/org.scala-lang/jline/jars/jline-2.9.0.jar
		to /home/nouhoum/dev/workspaces/tutorials/PhoneNumberSearchApp/project/boot/scala-2.9.0/lib/jline.jar
	retrieving /home/nouhoum/.ivy2/cache/org.scala-lang/scala-library/jars/scala-library-2.9.0.jar
		to /home/nouhoum/dev/workspaces/tutorials/PhoneNumberSearchApp/project/boot/scala-2.9.0/lib/scala-library.jar
	retrieving /home/nouhoum/.ivy2/cache/org.fusesource.jansi/jansi/jars/jansi-1.4.jar
		to /home/nouhoum/dev/workspaces/tutorials/PhoneNumberSearchApp/project/boot/scala-2.9.0/lib/jansi.jar
	retrieving /home/nouhoum/.ivy2/cache/org.scala-lang/scala-compiler/jars/scala-compiler-2.9.0.jar
		to /home/nouhoum/dev/workspaces/tutorials/PhoneNumberSearchApp/project/boot/scala-2.9.0/lib/scala-compiler.jar
	4 artifacts copied, 0 already retrieved (20442kB/505ms)
	retrieve done (505ms)
